[2011-07-27 21:58:45] request.ERROR: Symfony\Component\HttpKernel\Exception\NotFoundHttpException: No route found for "GET /" (uncaught exception) at /Applications/MAMP/htdocs/choumei.me/Symfony/vendor/symfony/src/Symfony/Bundle/FrameworkBundle/EventListener/RouterListener.php line 88 [] []
[2011-07-27 21:58:45] request.ERROR: Symfony\Component\HttpKernel\Exception\NotFoundHttpException: No route found for "GET /" (uncaught exception) at /Applications/MAMP/htdocs/choumei.me/Symfony/vendor/symfony/src/Symfony/Bundle/FrameworkBundle/EventListener/RouterListener.php line 88 [] []
[2011-07-27 21:58:52] request.ERROR: Symfony\Component\HttpKernel\Exception\NotFoundHttpException: No route found for "GET /test.php" (uncaught exception) at /Applications/MAMP/htdocs/choumei.me/Symfony/app/cache/prod/classes.php line 4532 [] []
[2011-07-27 21:59:00] request.ERROR: Symfony\Component\HttpKernel\Exception\NotFoundHttpException: No route found for "GET /app_test.php" (uncaught exception) at /Applications/MAMP/htdocs/choumei.me/Symfony/app/cache/prod/classes.php line 4532 [] []
[2011-07-27 22:06:20] request.ERROR: Symfony\Component\HttpKernel\Exception\NotFoundHttpException: No route found for "GET /" (uncaught exception) at /Applications/MAMP/htdocs/choumei.me/Symfony/app/cache/prod/classes.php line 4532 [] []
[2011-07-27 22:07:55] request.ERROR: Symfony\Component\HttpKernel\Exception\NotFoundHttpException: No route found for "GET /index.php" (uncaught exception) at /Applications/MAMP/htdocs/choumei.me/Symfony/app/cache/prod/classes.php line 4532 [] []
[2011-07-27 22:41:48] request.ERROR: Symfony\Component\HttpKernel\Exception\NotFoundHttpException: No route found for "GET /" (uncaught exception) at /Applications/MAMP/htdocs/choumei.me/Symfony/app/cache/prod/classes.php line 4532 [] []
[2011-07-27 22:41:55] request.ERROR: Symfony\Component\HttpKernel\Exception\NotFoundHttpException: No route found for "GET /" (uncaught exception) at /Applications/MAMP/htdocs/choumei.me/Symfony/app/cache/prod/classes.php line 4532 [] []
[2011-07-27 22:42:17] request.ERROR: Symfony\Component\HttpKernel\Exception\NotFoundHttpException: No route found for "GET /hello/Leon" (uncaught exception) at /Applications/MAMP/htdocs/choumei.me/Symfony/app/cache/prod/classes.php line 4532 [] []
[2011-07-27 22:42:32] request.ERROR: Symfony\Component\HttpKernel\Exception\NotFoundHttpException: No route found for "GET /hello/Leon" (uncaught exception) at /Applications/MAMP/htdocs/choumei.me/Symfony/app/cache/prod/classes.php line 4532 [] []
[2011-07-27 22:43:58] request.ERROR: Symfony\Component\HttpKernel\Exception\NotFoundHttpException: No route found for "GET /" (uncaught exception) at /Applications/MAMP/htdocs/choumei.me/Symfony/app/cache/prod/classes.php line 4532 [] []
[2011-07-27 22:44:00] request.ERROR: Symfony\Component\HttpKernel\Exception\NotFoundHttpException: No route found for "GET /" (uncaught exception) at /Applications/MAMP/htdocs/choumei.me/Symfony/app/cache/prod/classes.php line 4532 [] []
[2011-07-27 22:44:01] request.ERROR: Symfony\Component\HttpKernel\Exception\NotFoundHttpException: No route found for "GET /" (uncaught exception) at /Applications/MAMP/htdocs/choumei.me/Symfony/app/cache/prod/classes.php line 4532 [] []
[2011-07-27 22:44:01] request.ERROR: Symfony\Component\HttpKernel\Exception\NotFoundHttpException: No route found for "GET /" (uncaught exception) at /Applications/MAMP/htdocs/choumei.me/Symfony/app/cache/prod/classes.php line 4532 [] []
[2011-07-27 22:44:01] request.ERROR: Symfony\Component\HttpKernel\Exception\NotFoundHttpException: No route found for "GET /" (uncaught exception) at /Applications/MAMP/htdocs/choumei.me/Symfony/app/cache/prod/classes.php line 4532 [] []
[2011-07-27 22:44:01] request.ERROR: Symfony\Component\HttpKernel\Exception\NotFoundHttpException: No route found for "GET /" (uncaught exception) at /Applications/MAMP/htdocs/choumei.me/Symfony/app/cache/prod/classes.php line 4532 [] []
[2011-07-27 22:44:02] request.ERROR: Symfony\Component\HttpKernel\Exception\NotFoundHttpException: No route found for "GET /" (uncaught exception) at /Applications/MAMP/htdocs/choumei.me/Symfony/app/cache/prod/classes.php line 4532 [] []
[2011-07-27 22:45:34] request.ERROR: Symfony\Component\HttpKernel\Exception\NotFoundHttpException: No route found for "GET /" (uncaught exception) at /Applications/MAMP/htdocs/choumei.me/Symfony/app/cache/prod/classes.php line 4532 [] []
[2011-07-27 22:47:37] request.ERROR: Symfony\Component\HttpKernel\Exception\NotFoundHttpException: No route found for "GET /" (uncaught exception) at /Applications/MAMP/htdocs/choumei.me/Symfony/app/cache/prod/classes.php line 4532 [] []
[2011-07-27 22:48:03] request.ERROR: Symfony\Component\HttpKernel\Exception\NotFoundHttpException: No route found for "GET /" (uncaught exception) at /Applications/MAMP/htdocs/choumei.me/Symfony/app/cache/prod/classes.php line 4532 [] []
[2011-07-28 22:30:45] request.ERROR: Symfony\Component\HttpKernel\Exception\NotFoundHttpException: No route found for "GET /" (uncaught exception) at /Applications/MAMP/htdocs/choumei.me/Symfony/app/cache/prod/classes.php line 4532 [] []
[2011-07-28 22:48:46] request.ERROR: Symfony\Component\HttpKernel\Exception\NotFoundHttpException: No route found for "GET /hello/Leon" (uncaught exception) at /Applications/MAMP/htdocs/choumei.me/Symfony/app/cache/prod/classes.php line 4532 [] []
[2011-07-28 22:50:44] request.ERROR: Symfony\Component\HttpKernel\Exception\NotFoundHttpException: No route found for "GET /hello/Leon" (uncaught exception) at /Applications/MAMP/htdocs/choumei.me/Symfony/app/cache/prod/classes.php line 4532 [] []
[2011-07-28 22:52:51] request.ERROR: Symfony\Component\HttpKernel\Exception\NotFoundHttpException: No route found for "GET /hello/Leon" (uncaught exception) at /Applications/MAMP/htdocs/choumei.me/Symfony/app/cache/prod/classes.php line 4532 [] []
[2011-07-28 22:53:25] request.ERROR: Symfony\Component\HttpKernel\Exception\NotFoundHttpException: No route found for "GET /hello/Leon" (uncaught exception) at /Applications/MAMP/htdocs/choumei.me/Symfony/app/cache/prod/classes.php line 4532 [] []
[2011-07-28 22:53:40] request.ERROR: Symfony\Component\HttpKernel\Exception\NotFoundHttpException: No route found for "GET /hello/Leon" (uncaught exception) at /Applications/MAMP/htdocs/choumei.me/Symfony/app/cache/prod/classes.php line 4532 [] []
[2011-07-28 22:55:33] request.ERROR: Symfony\Component\HttpKernel\Exception\NotFoundHttpException: No route found for "GET /hello/Leon" (uncaught exception) at /Applications/MAMP/htdocs/choumei.me/Symfony/app/cache/prod/classes.php line 4532 [] []
[2011-07-28 22:57:12] request.ERROR: Symfony\Component\HttpKernel\Exception\NotFoundHttpException: No route found for "GET /hello/Leon" (uncaught exception) at /Applications/MAMP/htdocs/choumei.me/Symfony/app/cache/prod/classes.php line 4532 [] []
[2011-07-31 21:41:20] request.ERROR: Symfony\Component\HttpKernel\Exception\NotFoundHttpException: No route found for "GET /" (uncaught exception) at /Applications/MAMP/htdocs/choumei.me/Symfony/app/cache/prod/classes.php line 4532 [] []
[2011-07-31 21:41:29] request.ERROR: Symfony\Component\HttpKernel\Exception\NotFoundHttpException: No route found for "GET /" (uncaught exception) at /Applications/MAMP/htdocs/choumei.me/Symfony/app/cache/prod/classes.php line 4532 [] []
[2011-07-31 21:41:34] request.ERROR: Symfony\Component\HttpKernel\Exception\NotFoundHttpException: No route found for "GET /" (uncaught exception) at /Applications/MAMP/htdocs/choumei.me/Symfony/app/cache/prod/classes.php line 4532 [] []
[2011-07-31 21:42:21] request.ERROR: Symfony\Component\HttpKernel\Exception\NotFoundHttpException: No route found for "GET /" (uncaught exception) at /Applications/MAMP/htdocs/choumei.me/Symfony/app/cache/prod/classes.php line 4532 [] []
[2011-07-31 21:42:39] request.ERROR: Symfony\Component\HttpKernel\Exception\NotFoundHttpException: No route found for "GET /" (uncaught exception) at /Applications/MAMP/htdocs/choumei.me/Symfony/app/cache/prod/classes.php line 4532 [] []
[2011-07-31 21:42:42] request.ERROR: Symfony\Component\HttpKernel\Exception\NotFoundHttpException: No route found for "GET /" (uncaught exception) at /Applications/MAMP/htdocs/choumei.me/Symfony/app/cache/prod/classes.php line 4532 [] []
